<?xml version="1.0" encoding="UTF-8"?>
<testng-results ignored="1" total="2" passed="1" failed="0" skipped="0">
  <reporter-output>
  </reporter-output>
  <suite started-at="2021-09-19T21:30:13 EDT" name="Default suite" finished-at="2021-09-19T21:30:16 EDT" duration-ms="2903">
    <groups>
    </groups>
    <test started-at="2021-09-19T21:30:13 EDT" name="Default test" finished-at="2021-09-19T21:30:16 EDT" duration-ms="2903">
      <class name="SadPath_DELETE">
        <test-method signature="deletePostResponse_isNot204()[pri:0, instance:SadPath_DELETE@69e1dd28]" started-at="2021-09-19T21:30:13 EDT" name="deletePostResponse_isNot204" finished-at="2021-09-19T21:30:16 EDT" duration-ms="2843" status="PASS">
          <reporter-output>
          </reporter-output>
        </test-method> <!-- deletePostResponse_isNot204 -->
      </class> <!-- SadPath_DELETE -->
    </test> <!-- Default test -->
  </suite> <!-- Default suite -->
</testng-results>
