<?xml version="1.0" encoding="UTF-8"?>
<!-- Generated by org.testng.reporters.JUnitXMLReporter -->
<testsuite ignored="0" hostname="TheDarkCrystal" failures="0" tests="30" name="Default test" time="8.88" errors="0" timestamp="2021-09-20T23:26:29 EDT">
  <testcase classname="HappyPath_PUT" name="patchPost" time="4.48"/>
  <testcase classname="HappyPath_PUT" name="patchPost" time="0.196"/>
  <testcase classname="HappyPath_PUT" name="patchPost" time="0.152"/>
  <testcase classname="HappyPath_PUT" name="patchPost" time="0.161"/>
  <testcase classname="HappyPath_PUT" name="updatePost" time="0.164"/>
  <testcase classname="HappyPath_PUT" name="updatePost" time="0.196"/>
  <testcase classname="HappyPath_PUT" name="updatePost" time="0.157"/>
  <testcase classname="HappyPath_DELETE" name="deletePost" time="0.137"/>
  <testcase classname="HappyPath_DELETE" name="deletePost" time="0.118"/>
  <testcase classname="HappyPath_DELETE" name="deletePost" time="0.142"/>
  <testcase classname="HappyPath_DELETE" name="deletePost" time="0.148"/>
  <testcase classname="HappyPath_GET" name="getPost" time="0.129"/>
  <testcase classname="HappyPath_GET" name="getPost" time="0.117"/>
  <testcase classname="HappyPath_GET" name="getPost" time="0.114"/>
  <testcase classname="HappyPath_GET" name="getPost" time="0.127"/>
  <testcase classname="HappyPath_GET" name="listAllPosts" time="0.295"/>
  <testcase classname="HappyPath_POST" name="addPhotoToAlbum" time="0.204"/>
  <testcase classname="HappyPath_POST" name="addPhotoToAlbum" time="0.186"/>
  <testcase classname="HappyPath_POST" name="addPhotoToAlbum" time="0.109"/>
  <testcase classname="HappyPath_POST" name="createPost" time="0.117"/>
  <testcase classname="HappyPath_POST" name="createPost" time="0.113"/>
  <testcase classname="HappyPath_POST" name="createPost" time="0.129"/>
  <testcase classname="HappyPath_POST" name="createPostComment" time="0.109"/>
  <testcase classname="HappyPath_POST" name="createPostComment" time="0.124"/>
  <testcase classname="HappyPath_POST" name="createPostComment" time="0.134"/>
  <testcase classname="SadPath_DELETE" name="deleteAllPosts" time="0.1"/>
  <testcase classname="SadPath_DELETE" name="deletePostResponse_isNot204" time="0.106"/>
  <testcase classname="SadPath_DELETE" name="deletePostResponse_isNot204" time="0.111"/>
  <testcase classname="SadPath_DELETE" name="deletePostResponse_isNot204" time="0.122"/>
  <testcase classname="SadPath_DELETE" name="deletePostResponse_isNot204" time="0.128"/>
</testsuite> <!-- Default test -->
