<?xml version="1.0" encoding="UTF-8"?>
<!-- Generated by org.testng.reporters.JUnitXMLReporter -->
<testsuite ignored="1" hostname="TheDarkCrystal" failures="0" tests="1" name="Default test" time="2.903" errors="0" timestamp="2021-09-19T21:30:16 EDT">
  <testcase classname="SadPath_DELETE" name="deletePostResponse_isNot204" time="2.843"/>
  <testcase classname="SadPath_DELETE" name="deleteAllPosts" time="0.0">
    <ignored/>
  </testcase> <!-- deleteAllPosts -->
</testsuite> <!-- Default test -->
